#
# There is insufficient memory for the Java Runtime Environment to continue.
# Native memory allocation (malloc) failed to allocate 302016 bytes. Error detail: Chunk::new
# Possible reasons:
#   The system is out of physical RAM or swap space
#   This process is running with CompressedOops enabled, and the Java Heap may be blocking the growth of the native heap
# Possible solutions:
#   Reduce memory load on the system
#   Increase physical memory or swap space
#   Check if swap backing store is full
#   Decrease Java heap size (-Xmx/-Xms)
#   Decrease number of Java threads
#   Decrease Java thread stack sizes (-Xss)
#   Set larger code cache with -XX:ReservedCodeCacheSize=
#   JVM is running with Zero Based Compressed Oops mode in which the Java heap is
#     placed in the first 32GB address space. The Java Heap base address is the
#     maximum limit for the native heap growth. Please use -XX:HeapBaseMinAddress
#     to set the Java Heap base and to place the Java Heap above 32GB virtual address.
# This output file may be truncated or incomplete.
#
#  Out of Memory Error (arena.cpp:191), pid=17188, tid=13928
#
# JRE version: OpenJDK Runtime Environment (17.0.11) (build 17.0.11+0--11852314)
# Java VM: OpenJDK 64-Bit Server VM (17.0.11+0--11852314, mixed mode, tiered, compressed oops, compressed class ptrs, g1 gc, windows-amd64)
# No core dump will be written. Minidumps are not enabled by default on client versions of Windows
#

---------------  S U M M A R Y ------------

Command Line: org.jetbrains.kotlin.cli.jvm.K2JVMCompiler @C:\Users\RAUL SANCHEZ RDRIGUE\AndroidStudioProjects\Sistema1231casa2\app\build\20240927_12151697111802613672.compiler.options

Host: Intel(R) Core(TM) i7-10750H CPU @ 2.60GHz, 12 cores, 11G,  Windows 10 , 64 bit Build 19041 (10.0.19041.4842)
Time: Fri Sep 27 19:26:46 2024 Hora est. Pacífico, Sudamérica elapsed time: 0.882134 seconds (0d 0h 0m 0s)

---------------  T H R E A D  ---------------

Current thread (0x000001ef9267d820):  JavaThread "C2 CompilerThread1" daemon [_thread_in_native, id=13928, stack(0x000000eee1300000,0x000000eee1400000)]


Current CompileTask:
C2:    882 1524   !   4       jdk.internal.loader.URLClassPath$JarLoader::getResource (65 bytes)

Stack: [0x000000eee1300000,0x000000eee1400000]
Native frames: (J=compiled Java code, j=interpreted, Vv=VM code, C=native code)
V  [jvm.dll+0x687bb9]
V  [jvm.dll+0x84142a]
V  [jvm.dll+0x8430ae]
V  [jvm.dll+0x843713]
V  [jvm.dll+0x24a35f]
V  [jvm.dll+0xac544]
V  [jvm.dll+0xacb8c]
V  [jvm.dll+0x2b194f]
V  [jvm.dll+0x58eba7]
V  [jvm.dll+0x2247e2]
V  [jvm.dll+0x224bdf]
V  [jvm.dll+0x21dd00]
V  [jvm.dll+0x21b201]
V  [jvm.dll+0x1a63ed]
V  [jvm.dll+0x22b1ee]
V  [jvm.dll+0x229375]
V  [jvm.dll+0x7f5647]
V  [jvm.dll+0x7efa4a]
V  [jvm.dll+0x686a35]
C  [ucrtbase.dll+0x21bb2]
C  [KERNEL32.DLL+0x17374]
C  [ntdll.dll+0x4cc91]


---------------  P R O C E S S  ---------------

Threads class SMR info:
_java_thread_list=0x000001ef925519d0, length=13, elements={
0x000001eff3affe00, 0x000001ef9239c620, 0x000001ef92223f10, 0x000001ef923cffd0,
0x000001ef923d0aa0, 0x000001ef923c62a0, 0x000001ef923c6c60, 0x000001ef923c80f0,
0x000001ef923d61b0, 0x000001ef923ddb00, 0x000001ef9254e390, 0x000001ef92552b20,
0x000001ef9267d820
}

Java Threads: ( => current thread )
  0x000001eff3affe00 JavaThread "main" [_thread_in_vm, id=20216, stack(0x000000eee0000000,0x000000eee0100000)]
  0x000001ef9239c620 JavaThread "Reference Handler" daemon [_thread_blocked, id=3220, stack(0x000000eee0700000,0x000000eee0800000)]
  0x000001ef92223f10 JavaThread "Finalizer" daemon [_thread_blocked, id=14184, stack(0x000000eee0800000,0x000000eee0900000)]
  0x000001ef923cffd0 JavaThread "Signal Dispatcher" daemon [_thread_blocked, id=9680, stack(0x000000eee0900000,0x000000eee0a00000)]
  0x000001ef923d0aa0 JavaThread "Attach Listener" daemon [_thread_blocked, id=17164, stack(0x000000eee0a00000,0x000000eee0b00000)]
  0x000001ef923c62a0 JavaThread "Service Thread" daemon [_thread_blocked, id=3664, stack(0x000000eee0b00000,0x000000eee0c00000)]
  0x000001ef923c6c60 JavaThread "Monitor Deflation Thread" daemon [_thread_blocked, id=12704, stack(0x000000eee0c00000,0x000000eee0d00000)]
  0x000001ef923c80f0 JavaThread "C2 CompilerThread0" daemon [_thread_in_native, id=5488, stack(0x000000eee0d00000,0x000000eee0e00000)]
  0x000001ef923d61b0 JavaThread "C1 CompilerThread0" daemon [_thread_blocked, id=6660, stack(0x000000eee0e00000,0x000000eee0f00000)]
  0x000001ef923ddb00 JavaThread "Sweeper thread" daemon [_thread_blocked, id=6372, stack(0x000000eee0f00000,0x000000eee1000000)]
  0x000001ef9254e390 JavaThread "Notification Thread" daemon [_thread_blocked, id=22780, stack(0x000000eee1000000,0x000000eee1100000)]
  0x000001ef92552b20 JavaThread "Common-Cleaner" daemon [_thread_blocked, id=14004, stack(0x000000eee1200000,0x000000eee1300000)]
=>0x000001ef9267d820 JavaThread "C2 CompilerThread1" daemon [_thread_in_native, id=13928, stack(0x000000eee1300000,0x000000eee1400000)]

Other Threads:
  0x000001ef921df580 VMThread "VM Thread" [stack: 0x000000eee0600000,0x000000eee0700000] [id=14492]
  0x000001ef9254e870 WatcherThread [stack: 0x000000eee1100000,0x000000eee1200000] [id=11020]
  0x000001eff3b58720 GCTaskThread "GC Thread#0" [stack: 0x000000eee0100000,0x000000eee0200000] [id=9700]
  0x000001ef972cdb30 GCTaskThread "GC Thread#1" [stack: 0x000000eee1400000,0x000000eee1500000] [id=5192]
  0x000001ef972ef620 GCTaskThread "GC Thread#2" [stack: 0x000000eee1500000,0x000000eee1600000] [id=15676]
  0x000001ef972ef8e0 GCTaskThread "GC Thread#3" [stack: 0x000000eee1600000,0x000000eee1700000] [id=21136]
  0x000001ef97310360 GCTaskThread "GC Thread#4" [stack: 0x000000eee1700000,0x000000eee1800000] [id=15592]
  0x000001eff3b652f0 ConcurrentGCThread "G1 Main Marker" [stack: 0x000000eee0200000,0x000000eee0300000] [id=18044]
  0x000001eff3b664b0 ConcurrentGCThread "G1 Conc#0" [stack: 0x000000eee0300000,0x000000eee0400000] [id=6976]
  0x000001eff3bbd410 ConcurrentGCThread "G1 Refine#0" [stack: 0x000000eee0400000,0x000000eee0500000] [id=1512]
  0x000001eff3bbde40 ConcurrentGCThread "G1 Service" [stack: 0x000000eee0500000,0x000000eee0600000] [id=5348]

Threads with active compile tasks:
C2 CompilerThread0      894 1523       4       java.util.jar.JarFile::getEntry (35 bytes)
C2 CompilerThread1      894 1524   !   4       jdk.internal.loader.URLClassPath$JarLoader::getResource (65 bytes)

VM state: not at safepoint (normal execution)

VM Mutex/Monitor currently owned by a thread:  ([mutex/lock_event])
[0x000001eff383ccd0] Metaspace_lock - owner thread: 0x000001eff3affe00

Heap address: 0x0000000743800000, size: 3016 MB, Compressed Oops mode: Zero based, Oop shift amount: 3

CDS archive(s) not mapped
Compressed class space mapped at: 0x0000000800000000-0x0000000840000000, reserved size: 1073741824
Narrow klass base: 0x0000000800000000, Narrow klass shift: 0, Narrow klass range: 0x40000000

GC Precious Log:
 CPUs: 12 total, 12 available
 Memory: 12059M
 Large Page Support: Disabled
 NUMA Support: Disabled
 Compressed Oops: Enabled (Zero based)
 Heap Region Size: 2M
 Heap Min Capacity: 8M
 Heap Initial Capacity: 190M
 Heap Max Capacity: 3016M
 Pre-touch: Disabled
 Parallel Workers: 10
 Concurrent Workers: 3
 Concurrent Refinement Workers: 10
 Periodic GC: Disabled

Heap:
 garbage-first heap   total 194560K, used 31280K [0x0000000743800000, 0x0000000800000000)
  region size 2048K, 15 young (30720K), 2 survivors (4096K)
 Metaspace       used 18840K, committed 19008K, reserved 1114112K
  class space    used 2006K, committed 2112K, reserved 1048576K

Heap Regions: E=young(eden), S=young(survivor), O=old, HS=humongous(starts), HC=humongous(continues), CS=collection set, F=free, OA=open archive, CA=closed archive, TAMS=top-at-mark-start (previous, next)
|   0|0x0000000743800000, 0x0000000743a00000, 0x0000000743a00000|100%|HS|  |TAMS 0x0000000743800000, 0x0000000743800000| Complete 
|   1|0x0000000743a00000, 0x0000000743c00000, 0x0000000743c00000|100%|HC|  |TAMS 0x0000000743a00000, 0x0000000743a00000| Complete 
|   2|0x0000000743c00000, 0x0000000743c00000, 0x0000000743e00000|  0%| F|  |TAMS 0x0000000743c00000, 0x0000000743c00000| Untracked 
|   3|0x0000000743e00000, 0x0000000743e00000, 0x0000000744000000|  0%| F|  |TAMS 0x0000000743e00000, 0x0000000743e00000| Untracked 
|   4|0x0000000744000000, 0x0000000744000000, 0x0000000744200000|  0%| F|  |TAMS 0x0000000744000000, 0x0000000744000000| Untracked 
|   5|0x0000000744200000, 0x0000000744200000, 0x0000000744400000|  0%| F|  |TAMS 0x0000000744200000, 0x0000000744200000| Untracked 
|   6|0x0000000744400000, 0x0000000744400000, 0x0000000744600000|  0%| F|  |TAMS 0x0000000744400000, 0x0000000744400000| Untracked 
|   7|0x0000000744600000, 0x0000000744600000, 0x0000000744800000|  0%| F|  |TAMS 0x0000000744600000, 0x0000000744600000| Untracked 
|   8|0x0000000744800000, 0x0000000744800000, 0x0000000744a00000|  0%| F|  |TAMS 0x0000000744800000, 0x0000000744800000| Untracked 
|   9|0x0000000744a00000, 0x0000000744a00000, 0x0000000744c00000|  0%| F|  |TAMS 0x0000000744a00000, 0x0000000744a00000| Untracked 
|  10|0x0000000744c00000, 0x0000000744c00000, 0x0000000744e00000|  0%| F|  |TAMS 0x0000000744c00000, 0x0000000744c00000| Untracked 
|  11|0x0000000744e00000, 0x0000000744e00000, 0x0000000745000000|  0%| F|  |TAMS 0x0000000744e00000, 0x0000000744e00000| Untracked 
|  12|0x0000000745000000, 0x0000000745000000, 0x0000000745200000|  0%| F|  |TAMS 0x0000000745000000, 0x0000000745000000| Untracked 
|  13|0x0000000745200000, 0x0000000745200000, 0x0000000745400000|  0%| F|  |TAMS 0x0000000745200000, 0x0000000745200000| Untracked 
|  14|0x0000000745400000, 0x0000000745400000, 0x0000000745600000|  0%| F|  |TAMS 0x0000000745400000, 0x0000000745400000| Untracked 
|  15|0x0000000745600000, 0x0000000745600000, 0x0000000745800000|  0%| F|  |TAMS 0x0000000745600000, 0x0000000745600000| Untracked 
|  16|0x0000000745800000, 0x0000000745800000, 0x0000000745a00000|  0%| F|  |TAMS 0x0000000745800000, 0x0000000745800000| Untracked 
|  17|0x0000000745a00000, 0x0000000745a00000, 0x0000000745c00000|  0%| F|  |TAMS 0x0000000745a00000, 0x0000000745a00000| Untracked 
|  18|0x0000000745c00000, 0x0000000745c00000, 0x0000000745e00000|  0%| F|  |TAMS 0x0000000745c00000, 0x0000000745c00000| Untracked 
|  19|0x0000000745e00000, 0x0000000745e00000, 0x0000000746000000|  0%| F|  |TAMS 0x0000000745e00000, 0x0000000745e00000| Untracked 
|  20|0x0000000746000000, 0x0000000746000000, 0x0000000746200000|  0%| F|  |TAMS 0x0000000746000000, 0x0000000746000000| Untracked 
|  21|0x0000000746200000, 0x0000000746200000, 0x0000000746400000|  0%| F|  |TAMS 0x0000000746200000, 0x0000000746200000| Untracked 
|  22|0x0000000746400000, 0x0000000746400000, 0x0000000746600000|  0%| F|  |TAMS 0x0000000746400000, 0x0000000746400000| Untracked 
|  23|0x0000000746600000, 0x0000000746600000, 0x0000000746800000|  0%| F|  |TAMS 0x0000000746600000, 0x0000000746600000| Untracked 
|  24|0x0000000746800000, 0x0000000746800000, 0x0000000746a00000|  0%| F|  |TAMS 0x0000000746800000, 0x0000000746800000| Untracked 
|  25|0x0000000746a00000, 0x0000000746a00000, 0x0000000746c00000|  0%| F|  |TAMS 0x0000000746a00000, 0x0000000746a00000| Untracked 
|  26|0x0000000746c00000, 0x0000000746c00000, 0x0000000746e00000|  0%| F|  |TAMS 0x0000000746c00000, 0x0000000746c00000| Untracked 
|  27|0x0000000746e00000, 0x0000000746e00000, 0x0000000747000000|  0%| F|  |TAMS 0x0000000746e00000, 0x0000000746e00000| Untracked 
|  28|0x0000000747000000, 0x0000000747000000, 0x0000000747200000|  0%| F|  |TAMS 0x0000000747000000, 0x0000000747000000| Untracked 
|  29|0x0000000747200000, 0x0000000747200000, 0x0000000747400000|  0%| F|  |TAMS 0x0000000747200000, 0x0000000747200000| Untracked 
|  30|0x0000000747400000, 0x0000000747400000, 0x0000000747600000|  0%| F|  |TAMS 0x0000000747400000, 0x0000000747400000| Untracked 
|  31|0x0000000747600000, 0x0000000747600000, 0x0000000747800000|  0%| F|  |TAMS 0x0000000747600000, 0x0000000747600000| Untracked 
|  32|0x0000000747800000, 0x0000000747800000, 0x0000000747a00000|  0%| F|  |TAMS 0x0000000747800000, 0x0000000747800000| Untracked 
|  33|0x0000000747a00000, 0x0000000747a00000, 0x0000000747c00000|  0%| F|  |TAMS 0x0000000747a00000, 0x0000000747a00000| Untracked 
|  34|0x0000000747c00000, 0x0000000747c00000, 0x0000000747e00000|  0%| F|  |TAMS 0x0000000747c00000, 0x0000000747c00000| Untracked 
|  35|0x0000000747e00000, 0x0000000747e00000, 0x0000000748000000|  0%| F|  |TAMS 0x0000000747e00000, 0x0000000747e00000| Untracked 
|  36|0x0000000748000000, 0x0000000748000000, 0x0000000748200000|  0%| F|  |TAMS 0x0000000748000000, 0x0000000748000000| Untracked 
|  37|0x0000000748200000, 0x0000000748200000, 0x0000000748400000|  0%| F|  |TAMS 0x0000000748200000, 0x0000000748200000| Untracked 
|  38|0x0000000748400000, 0x0000000748400000, 0x0000000748600000|  0%| F|  |TAMS 0x0000000748400000, 0x0000000748400000| Untracked 
|  39|0x0000000748600000, 0x0000000748600000, 0x0000000748800000|  0%| F|  |TAMS 0x0000000748600000, 0x0000000748600000| Untracked 
|  40|0x0000000748800000, 0x0000000748800000, 0x0000000748a00000|  0%| F|  |TAMS 0x0000000748800000, 0x0000000748800000| Untracked 
|  41|0x0000000748a00000, 0x0000000748a00000, 0x0000000748c00000|  0%| F|  |TAMS 0x0000000748a00000, 0x0000000748a00000| Untracked 
|  42|0x0000000748c00000, 0x0000000748c00000, 0x0000000748e00000|  0%| F|  |TAMS 0x0000000748c00000, 0x0000000748c00000| Untracked 
|  43|0x0000000748e00000, 0x0000000748e00000, 0x0000000749000000|  0%| F|  |TAMS 0x0000000748e00000, 0x0000000748e00000| Untracked 
|  44|0x0000000749000000, 0x0000000749000000, 0x0000000749200000|  0%| F|  |TAMS 0x0000000749000000, 0x0000000749000000| Untracked 
|  45|0x0000000749200000, 0x0000000749200000, 0x0000000749400000|  0%| F|  |TAMS 0x0000000749200000, 0x0000000749200000| Untracked 
|  46|0x0000000749400000, 0x0000000749400000, 0x0000000749600000|  0%| F|  |TAMS 0x0000000749400000, 0x0000000749400000| Untracked 
|  47|0x0000000749600000, 0x0000000749600000, 0x0000000749800000|  0%| F|  |TAMS 0x0000000749600000, 0x0000000749600000| Untracked 
|  48|0x0000000749800000, 0x0000000749800000, 0x0000000749a00000|  0%| F|  |TAMS 0x0000000749800000, 0x0000000749800000| Untracked 
|  49|0x0000000749a00000, 0x0000000749a00000, 0x0000000749c00000|  0%| F|  |TAMS 0x0000000749a00000, 0x0000000749a00000| Untracked 
|  50|0x0000000749c00000, 0x0000000749c00000, 0x0000000749e00000|  0%| F|  |TAMS 0x0000000749c00000, 0x0000000749c00000| Untracked 
|  51|0x0000000749e00000, 0x0000000749e00000, 0x000000074a000000|  0%| F|  |TAMS 0x0000000749e00000, 0x0000000749e00000| Untracked 
|  52|0x000000074a000000, 0x000000074a000000, 0x000000074a200000|  0%| F|  |TAMS 0x000000074a000000, 0x000000074a000000| Untracked 
|  53|0x000000074a200000, 0x000000074a200000, 0x000000074a400000|  0%| F|  |TAMS 0x000000074a200000, 0x000000074a200000| Untracked 
|  54|0x000000074a400000, 0x000000074a400000, 0x000000074a600000|  0%| F|  |TAMS 0x000000074a400000, 0x000000074a400000| Untracked 
|  55|0x000000074a600000, 0x000000074a600000, 0x000000074a800000|  0%| F|  |TAMS 0x000000074a600000, 0x000000074a600000| Untracked 
|  56|0x000000074a800000, 0x000000074a800000, 0x000000074aa00000|  0%| F|  |TAMS 0x000000074a800000, 0x000000074a800000| Untracked 
|  57|0x000000074aa00000, 0x000000074aa00000, 0x000000074ac00000|  0%| F|  |TAMS 0x000000074aa00000, 0x000000074aa00000| Untracked 
|  58|0x000000074ac00000, 0x000000074ac00000, 0x000000074ae00000|  0%| F|  |TAMS 0x000000074ac00000, 0x000000074ac00000| Untracked 
|  59|0x000000074ae00000, 0x000000074ae00000, 0x000000074b000000|  0%| F|  |TAMS 0x000000074ae00000, 0x000000074ae00000| Untracked 
|  60|0x000000074b000000, 0x000000074b000000, 0x000000074b200000|  0%| F|  |TAMS 0x000000074b000000, 0x000000074b000000| Untracked 
|  61|0x000000074b200000, 0x000000074b200000, 0x000000074b400000|  0%| F|  |TAMS 0x000000074b200000, 0x000000074b200000| Untracked 
|  62|0x000000074b400000, 0x000000074b400000, 0x000000074b600000|  0%| F|  |TAMS 0x000000074b400000, 0x000000074b400000| Untracked 
|  63|0x000000074b600000, 0x000000074b600000, 0x000000074b800000|  0%| F|  |TAMS 0x000000074b600000, 0x000000074b600000| Untracked 
|  64|0x000000074b800000, 0x000000074b800000, 0x000000074ba00000|  0%| F|  |TAMS 0x000000074b800000, 0x000000074b800000| Untracked 
|  65|0x000000074ba00000, 0x000000074ba00000, 0x000000074bc00000|  0%| F|  |TAMS 0x000000074ba00000, 0x000000074ba00000| Untracked 
|  66|0x000000074bc00000, 0x000000074bc00000, 0x000000074be00000|  0%| F|  |TAMS 0x000000074bc00000, 0x000000074bc00000| Untracked 
|  67|0x000000074be00000, 0x000000074be00000, 0x000000074c000000|  0%| F|  |TAMS 0x000000074be00000, 0x000000074be00000| Untracked 
|  68|0x000000074c000000, 0x000000074c000000, 0x000000074c200000|  0%| F|  |TAMS 0x000000074c000000, 0x000000074c000000| Untracked 
|  69|0x000000074c200000, 0x000000074c200000, 0x000000074c400000|  0%| F|  |TAMS 0x000000074c200000, 0x000000074c200000| Untracked 
|  70|0x000000074c400000, 0x000000074c400000, 0x000000074c600000|  0%| F|  |TAMS 0x000000074c400000, 0x000000074c400000| Untracked 
|  71|0x000000074c600000, 0x000000074c600000, 0x000000074c800000|  0%| F|  |TAMS 0x000000074c600000, 0x000000074c600000| Untracked 
|  72|0x000000074c800000, 0x000000074c800000, 0x000000074ca00000|  0%| F|  |TAMS 0x000000074c800000, 0x000000074c800000| Untracked 
|  73|0x000000074ca00000, 0x000000074ca00000, 0x000000074cc00000|  0%| F|  |TAMS 0x000000074ca00000, 0x000000074ca00000| Untracked 
|  74|0x000000074cc00000, 0x000000074cc00000, 0x000000074ce00000|  0%| F|  |TAMS 0x000000074cc00000, 0x000000074cc00000| Untracked 
|  75|0x000000074ce00000, 0x000000074ce00000, 0x000000074d000000|  0%| F|  |TAMS 0x000000074ce00000, 0x000000074ce00000| Untracked 
|  76|0x000000074d000000, 0x000000074d000000, 0x000000074d200000|  0%| F|  |TAMS 0x000000074d000000, 0x000000074d000000| Untracked 
|  77|0x000000074d200000, 0x000000074d200000, 0x000000074d400000|  0%| F|  |TAMS 0x000000074d200000, 0x000000074d200000| Untracked 
|  78|0x000000074d400000, 0x000000074d400000, 0x000000074d600000|  0%| F|  |TAMS 0x000000074d400000, 0x000000074d400000| Untracked 
|  79|0x000000074d600000, 0x000000074d600000, 0x000000074d800000|  0%| F|  |TAMS 0x000000074d600000, 0x000000074d600000| Untracked 
|  80|0x000000074d800000, 0x000000074da00000, 0x000000074da00000|100%| E|  |TAMS 0x000000074d800000, 0x000000074d800000| Complete 
|  81|0x000000074da00000, 0x000000074dc00000, 0x000000074dc00000|100%| E|CS|TAMS 0x000000074da00000, 0x000000074da00000| Complete 
|  82|0x000000074dc00000, 0x000000074dc8c000, 0x000000074de00000| 27%| S|CS|TAMS 0x000000074dc00000, 0x000000074dc00000| Complete 
|  83|0x000000074de00000, 0x000000074e000000, 0x000000074e000000|100%| S|CS|TAMS 0x000000074de00000, 0x000000074de00000| Complete 
|  84|0x000000074e000000, 0x000000074e200000, 0x000000074e200000|100%| E|CS|TAMS 0x000000074e000000, 0x000000074e000000| Complete 
|  85|0x000000074e200000, 0x000000074e400000, 0x000000074e400000|100%| E|CS|TAMS 0x000000074e200000, 0x000000074e200000| Complete 
|  86|0x000000074e400000, 0x000000074e600000, 0x000000074e600000|100%| E|CS|TAMS 0x000000074e400000, 0x000000074e400000| Complete 
|  87|0x000000074e600000, 0x000000074e800000, 0x000000074e800000|100%| E|CS|TAMS 0x000000074e600000, 0x000000074e600000| Complete 
|  88|0x000000074e800000, 0x000000074ea00000, 0x000000074ea00000|100%| E|CS|TAMS 0x000000074e800000, 0x000000074e800000| Complete 
|  89|0x000000074ea00000, 0x000000074ec00000, 0x000000074ec00000|100%| E|CS|TAMS 0x000000074ea00000, 0x000000074ea00000| Complete 
|  90|0x000000074ec00000, 0x000000074ee00000, 0x000000074ee00000|100%| E|CS|TAMS 0x000000074ec00000, 0x000000074ec00000| Complete 
|  91|0x000000074ee00000, 0x000000074f000000, 0x000000074f000000|100%| E|CS|TAMS 0x000000074ee00000, 0x000000074ee00000| Complete 
|  92|0x000000074f000000, 0x000000074f200000, 0x000000074f200000|100%| E|CS|TAMS 0x000000074f000000, 0x000000074f000000| Complete 
|  93|0x000000074f200000, 0x000000074f400000, 0x000000074f400000|100%| E|CS|TAMS 0x000000074f200000, 0x000000074f200000| Complete 
|  94|0x000000074f400000, 0x000000074f600000, 0x000000074f600000|100%| E|CS|TAMS 0x000000074f400000, 0x000000074f400000| Complete 

Card table byte_map: [0x000001eff9a30000,0x000001effa020000] _byte_map_base: 0x000001eff6014000

Marking Bits (Prev, Next): (CMBitMap*) 0x000001eff3b58d40, (CMBitMap*) 0x000001eff3b58d80
 Prev Bits: [0x000001effa610000, 0x000001effd530000)
 Next Bits: [0x000001ef8f000000, 0x000001ef91f20000)

Polling page: 0x000001eff3bc0000

Metaspace:

Usage:
  Non-class:     16.44 MB used.
      Class:      1.96 MB used.
       Both:     18.40 MB used.

Virtual space:
  Non-class space:       64.00 MB reserved,      16.50 MB ( 26%) committed,  1 nodes.
      Class space:        1.00 GB reserved,       2.06 MB ( <1%) committed,  1 nodes.
             Both:        1.06 GB reserved,      18.56 MB (  2%) committed. 

Chunk freelists:
   Non-Class:  15.30 MB
       Class:  13.84 MB
        Both:  29.14 MB

MaxMetaspaceSize: unlimited
CompressedClassSpaceSize: 1.00 GB
Initial GC threshold: 21.00 MB
Current GC threshold: 21.00 MB
CDS: off
MetaspaceReclaimPolicy: balanced
 - commit_granule_bytes: 65536.
 - commit_granule_words: 8192.
 - virtual_space_node_default_size: 8388608.
 - enlarge_chunks_in_place: 1.
 - new_chunks_are_fully_committed: 0.
 - uncommit_free_chunks: 1.
 - use_allocation_guard: 0.
 - handle_deallocations: 1.


Internal statistics:

num_allocs_failed_limit: 0.
num_arena_births: 46.
num_arena_deaths: 0.
num_vsnodes_births: 2.
num_vsnodes_deaths: 0.
num_space_committed: 297.
num_space_uncommitted: 0.
num_chunks_returned_to_freelist: 0.
num_chunks_taken_from_freelist: 418.
num_chunk_merges: 0.
num_chunk_splits: 342.
num_chunks_enlarged: 304.
num_inconsistent_stats: 0.

CodeHeap 'non-profiled nmethods': size=120000Kb used=462Kb max_used=462Kb free=119537Kb
 bounds [0x000001ef87ad0000, 0x000001ef87d40000, 0x000001ef8f000000]
CodeHeap 'profiled nmethods': size=120000Kb used=2950Kb max_used=2950Kb free=117049Kb
 bounds [0x000001ef80000000, 0x000001ef802f0000, 0x000001ef87530000]
CodeHeap 'non-nmethods': size=5760Kb used=1187Kb max_used=1204Kb free=4572Kb
 bounds [0x000001ef87530000, 0x000001ef877a0000, 0x000001ef87ad0000]
 total_blobs=2001 nmethods=1524 adapters=389
 compilation: enabled
              stopped_count=0, restarted_count=0
 full_count=0

Compilation events (20 events):
Event: 0.834 Thread 0x000001ef923d61b0 1513       3       jdk.internal.reflect.DelegatingConstructorAccessorImpl::newInstance (9 bytes)
Event: 0.834 Thread 0x000001ef923d61b0 nmethod 1513 0x000001ef802de890 code [0x000001ef802dea40, 0x000001ef802dec28]
Event: 0.834 Thread 0x000001ef923d61b0 1514       3       java.lang.invoke.MethodType::checkPtypes (76 bytes)
Event: 0.834 Thread 0x000001ef923d61b0 nmethod 1514 0x000001ef802ded10 code [0x000001ef802def80, 0x000001ef802df8e8]
Event: 0.835 Thread 0x000001ef923d61b0 1517       3       java.lang.invoke.Invokers$Holder::linkToTargetMethod (8 bytes)
Event: 0.835 Thread 0x000001ef923d61b0 nmethod 1517 0x000001ef802dfc90 code [0x000001ef802dfe40, 0x000001ef802e0158]
Event: 0.835 Thread 0x000001ef923d61b0 1518       3       java.lang.invoke.LambdaForm$MH/0x00000008000c0000::invoke (8 bytes)
Event: 0.835 Thread 0x000001ef923d61b0 nmethod 1518 0x000001ef802e0210 code [0x000001ef802e03a0, 0x000001ef802e05f8]
Event: 0.842 Thread 0x000001ef923d61b0 1520       3       java.lang.invoke.MethodType$ConcurrentWeakInternSet::expungeStaleElements (27 bytes)
Event: 0.842 Thread 0x000001ef923d61b0 nmethod 1520 0x000001ef802e0710 code [0x000001ef802e08e0, 0x000001ef802e0dd8]
Event: 0.849 Thread 0x000001ef9267d820 1521  s!   4       jdk.internal.loader.URLClassPath::getLoader (194 bytes)
Event: 0.851 Thread 0x000001ef923c80f0 1522   !   4       jdk.internal.loader.URLClassPath$JarLoader::ensureOpen (36 bytes)
Event: 0.851 Thread 0x000001ef923c80f0 nmethod 1522 0x000001ef87b42a90 code [0x000001ef87b42c00, 0x000001ef87b42c98]
Event: 0.851 Thread 0x000001ef9267d820 nmethod 1521 0x000001ef87b42d90 code [0x000001ef87b42f40, 0x000001ef87b43688]
Event: 0.854 Thread 0x000001ef923c80f0 1523       4       java.util.jar.JarFile::getEntry (35 bytes)
Event: 0.855 Thread 0x000001ef9267d820 1524   !   4       jdk.internal.loader.URLClassPath$JarLoader::getResource (65 bytes)
Event: 0.858 Thread 0x000001ef923d61b0 1525       3       java.util.HashSet::<init> (18 bytes)
Event: 0.858 Thread 0x000001ef923d61b0 nmethod 1525 0x000001ef802e0f90 code [0x000001ef802e1160, 0x000001ef802e1508]
Event: 0.867 Thread 0x000001ef923d61b0 1526       3       kotlin.collections.SetsKt__SetsKt::emptySet (7 bytes)
Event: 0.867 Thread 0x000001ef923d61b0 nmethod 1526 0x000001ef802e1690 code [0x000001ef802e1820, 0x000001ef802e1918]

GC Heap History (2 events):
Event: 0.462 GC heap before
{Heap before GC invocations=0 (full 0):
 garbage-first heap   total 194560K, used 24576K [0x0000000743800000, 0x0000000800000000)
  region size 2048K, 11 young (22528K), 0 survivors (0K)
 Metaspace       used 12905K, committed 12992K, reserved 1114112K
  class space    used 1232K, committed 1280K, reserved 1048576K
}
Event: 0.465 GC heap after
{Heap after GC invocations=1 (full 0):
 garbage-first heap   total 194560K, used 6704K [0x0000000743800000, 0x0000000800000000)
  region size 2048K, 2 young (4096K), 2 survivors (4096K)
 Metaspace       used 12905K, committed 12992K, reserved 1114112K
  class space    used 1232K, committed 1280K, reserved 1048576K
}

Dll operation events (1 events):
Event: 0.006 Loaded shared library C:\Program Files\Android\Android Studio\jbr\bin\java.dll

Deoptimization events (20 events):
Event: 0.534 Thread 0x000001eff3affe00 DEOPT PACKING pc=0x000001ef87b00308 sp=0x000000eee00fbd20
Event: 0.534 Thread 0x000001eff3affe00 DEOPT UNPACKING pc=0x000001ef875869a3 sp=0x000000eee00fbc08 mode 2
Event: 0.543 Thread 0x000001eff3affe00 Uncommon trap: trap_request=0xffffff45 fr.pc=0x000001ef87af8944 relative=0x0000000000000404
Event: 0.543 Thread 0x000001eff3affe00 Uncommon trap: reason=unstable_if action=reinterpret pc=0x000001ef87af8944 method=java.util.concurrent.ConcurrentHashMap.get(Ljava/lang/Object;)Ljava/lang/Object; @ 76 c2
Event: 0.543 Thread 0x000001eff3affe00 DEOPT PACKING pc=0x000001ef87af8944 sp=0x000000eee00fc1f0
Event: 0.543 Thread 0x000001eff3affe00 DEOPT UNPACKING pc=0x000001ef875869a3 sp=0x000000eee00fc178 mode 2
Event: 0.592 Thread 0x000001eff3affe00 Uncommon trap: trap_request=0xffffff45 fr.pc=0x000001ef87b03290 relative=0x0000000000000550
Event: 0.592 Thread 0x000001eff3affe00 Uncommon trap: reason=unstable_if action=reinterpret pc=0x000001ef87b03290 method=java.util.ArrayList.grow(I)[Ljava/lang/Object; @ 17 c2
Event: 0.592 Thread 0x000001eff3affe00 DEOPT PACKING pc=0x000001ef87b03290 sp=0x000000eee00fda30
Event: 0.592 Thread 0x000001eff3affe00 DEOPT UNPACKING pc=0x000001ef875869a3 sp=0x000000eee00fd8b8 mode 2
Event: 0.733 Thread 0x000001eff3affe00 DEOPT PACKING pc=0x000001ef80271d34 sp=0x000000eee00fddd0
Event: 0.733 Thread 0x000001eff3affe00 DEOPT UNPACKING pc=0x000001ef87587143 sp=0x000000eee00fd3a0 mode 0
Event: 0.781 Thread 0x000001eff3affe00 Uncommon trap: trap_request=0xffffff45 fr.pc=0x000001ef87b0d4d8 relative=0x00000000000000b8
Event: 0.781 Thread 0x000001eff3affe00 Uncommon trap: reason=unstable_if action=reinterpret pc=0x000001ef87b0d4d8 method=java.lang.Integer.valueOf(I)Ljava/lang/Integer; @ 3 c2
Event: 0.781 Thread 0x000001eff3affe00 DEOPT PACKING pc=0x000001ef87b0d4d8 sp=0x000000eee00fc8d0
Event: 0.781 Thread 0x000001eff3affe00 DEOPT UNPACKING pc=0x000001ef875869a3 sp=0x000000eee00fc868 mode 2
Event: 0.805 Thread 0x000001eff3affe00 Uncommon trap: trap_request=0xffffff6e fr.pc=0x000001ef87ade074 relative=0x0000000000000174
Event: 0.805 Thread 0x000001eff3affe00 Uncommon trap: reason=loop_limit_check action=maybe_recompile pc=0x000001ef87ade074 method=java.lang.StringLatin1.lastIndexOf([BII)I @ 19 c2
Event: 0.806 Thread 0x000001eff3affe00 DEOPT PACKING pc=0x000001ef87ade074 sp=0x000000eee00fd430
Event: 0.806 Thread 0x000001eff3affe00 DEOPT UNPACKING pc=0x000001ef875869a3 sp=0x000000eee00fd3b0 mode 2

Classes unloaded (0 events):
No events

Classes redefined (0 events):
No events

Internal exceptions (3 events):
Event: 0.698 Thread 0x000001eff3affe00 Exception <a 'java/lang/NoSuchMethodError'{0x000000074e44e828}: 'java.lang.Object java.lang.invoke.DirectMethodHandle$Holder.newInvokeSpecial(java.lang.Object, java.lang.Object, java.lang.Object, java.lang.Object, java.lang.Object)'> (0x000000074e44e828) 
thrown [s\src\hotspot\share\interpreter\linkResolver.cpp, line 771]
Event: 0.834 Thread 0x000001eff3affe00 Exception <a 'java/lang/NoSuchMethodError'{0x000000074db2c2a0}: 'int java.lang.invoke.DirectMethodHandle$Holder.invokeVirtual(java.lang.Object, java.lang.Object, java.lang.Object)'> (0x000000074db2c2a0) 
thrown [s\src\hotspot\share\interpreter\linkResolver.cpp, line 771]
Event: 0.842 Thread 0x000001eff3affe00 Exception <a 'java/lang/NoSuchMethodError'{0x000000074dbaabc0}: 'java.lang.Object java.lang.invoke.DirectMethodHandle$Holder.invokeStaticInit(java.lang.Object)'> (0x000000074dbaabc0) 
thrown [s\src\hotspot\share\interpreter\linkResolver.cpp, line 771]

VM Operations (16 events):
Event: 0.121 Executing VM operation: HandshakeAllThreads
Event: 0.121 Executing VM operation: HandshakeAllThreads done
Event: 0.335 Executing VM operation: HandshakeAllThreads
Event: 0.335 Executing VM operation: HandshakeAllThreads done
Event: 0.462 Executing VM operation: G1CollectForAllocation
Event: 0.465 Executing VM operation: G1CollectForAllocation done
Event: 0.537 Executing VM operation: HandshakeAllThreads
Event: 0.537 Executing VM operation: HandshakeAllThreads done
Event: 0.632 Executing VM operation: ICBufferFull
Event: 0.632 Executing VM operation: ICBufferFull done
Event: 0.733 Executing VM operation: HandshakeAllThreads
Event: 0.733 Executing VM operation: HandshakeAllThreads done
Event: 0.803 Executing VM operation: HandshakeAllThreads
Event: 0.803 Executing VM operation: HandshakeAllThreads done
Event: 0.841 Executing VM operation: HandshakeAllThreads
Event: 0.841 Executing VM operation: HandshakeAllThreads done

Events (20 events):
Event: 0.826 loading class java/util/regex/Pattern$SliceS
Event: 0.826 loading class java/util/regex/Pattern$SliceS done
Event: 0.827 loading class java/net/URISyntaxException
Event: 0.827 loading class java/net/URISyntaxException done
Event: 0.830 loading class java/util/Spliterators$IteratorSpliterator
Event: 0.830 loading class java/util/Spliterators$IteratorSpliterator done
Event: 0.830 loading class java/util/stream/MatchOps$MatchKind
Event: 0.830 loading class java/util/stream/MatchOps$MatchKind done
Event: 0.830 loading class java/util/stream/MatchOps
Event: 0.830 loading class java/util/stream/MatchOps done
Event: 0.830 loading class java/util/stream/MatchOps$MatchOp
Event: 0.830 loading class java/util/stream/MatchOps$MatchOp done
Event: 0.830 loading class java/util/stream/MatchOps$BooleanTerminalSink
Event: 0.830 loading class java/util/stream/MatchOps$BooleanTerminalSink done
Event: 0.831 loading class java/util/stream/MatchOps$1MatchSink
Event: 0.831 loading class java/util/stream/MatchOps$1MatchSink done
Event: 0.835 loading class java/lang/invoke/DirectMethodHandle$Special
Event: 0.835 loading class java/lang/invoke/DirectMethodHandle$Special done
Event: 0.842 loading class java/lang/ThreadLocal$SuppliedThreadLocal
Event: 0.842 loading class java/lang/ThreadLocal$SuppliedThreadLocal done


Dynamic libraries:
0x00007ff604820000 - 0x00007ff60482a000 	C:\Program Files\Android\Android Studio\jbr\bin\java.exe
0x00007ffe3df90000 - 0x00007ffe3e188000 	C:\windows\SYSTEM32\ntdll.dll
0x00007ffe3c780000 - 0x00007ffe3c841000 	C:\windows\System32\KERNEL32.DLL
0x00007ffe3ba70000 - 0x00007ffe3bd6d000 	C:\windows\System32\KERNELBASE.dll
0x00007ffe3b610000 - 0x00007ffe3b710000 	C:\windows\System32\ucrtbase.dll
0x00007ffe09f00000 - 0x00007ffe09f1b000 	C:\Program Files\Android\Android Studio\jbr\bin\VCRUNTIME140.dll
0x00007ffe17dc0000 - 0x00007ffe17dd7000 	C:\Program Files\Android\Android Studio\jbr\bin\jli.dll
0x00007ffe3c060000 - 0x00007ffe3c1fd000 	C:\windows\System32\USER32.dll
0x00007ffe3ba40000 - 0x00007ffe3ba62000 	C:\windows\System32\win32u.dll
0x00007ffe1f5d0000 - 0x00007ffe1f86a000 	C:\windows\WinSxS\amd64_microsoft.windows.common-controls_6595b64144ccf1df_6.0.19041.4355_none_60b8b9eb71f62e16\COMCTL32.dll
0x00007ffe3cfb0000 - 0x00007ffe3cfdb000 	C:\windows\System32\GDI32.dll
0x00007ffe3caa0000 - 0x00007ffe3cb3e000 	C:\windows\System32\msvcrt.dll
0x00007ffe3bdc0000 - 0x00007ffe3bed7000 	C:\windows\System32\gdi32full.dll
0x00007ffe3b7d0000 - 0x00007ffe3b86d000 	C:\windows\System32\msvcp_win.dll
0x00007ffe3c3c0000 - 0x00007ffe3c3ef000 	C:\windows\System32\IMM32.DLL
0x00007ffe1ba60000 - 0x00007ffe1ba6c000 	C:\Program Files\Android\Android Studio\jbr\bin\vcruntime140_1.dll
0x00007ffdced20000 - 0x00007ffdcedad000 	C:\Program Files\Android\Android Studio\jbr\bin\msvcp140.dll
0x00007ffd88420000 - 0x00007ffd890a3000 	C:\Program Files\Android\Android Studio\jbr\bin\server\jvm.dll
0x00007ffe3bf90000 - 0x00007ffe3c040000 	C:\windows\System32\ADVAPI32.dll
0x00007ffe3c6d0000 - 0x00007ffe3c770000 	C:\windows\System32\sechost.dll
0x00007ffe3ddf0000 - 0x00007ffe3df13000 	C:\windows\System32\RPCRT4.dll
0x00007ffe3b710000 - 0x00007ffe3b737000 	C:\windows\System32\bcrypt.dll
0x00007ffe3ab50000 - 0x00007ffe3ab9b000 	C:\windows\SYSTEM32\POWRPROF.dll
0x00007ffe1ade0000 - 0x00007ffe1ade9000 	C:\windows\SYSTEM32\WSOCK32.dll
0x00007ffe27330000 - 0x00007ffe27357000 	C:\windows\SYSTEM32\WINMM.dll
0x00007ffe33e50000 - 0x00007ffe33e5a000 	C:\windows\SYSTEM32\VERSION.dll
0x00007ffe3c850000 - 0x00007ffe3c8bb000 	C:\windows\System32\WS2_32.dll
0x00007ffe3a9f0000 - 0x00007ffe3aa02000 	C:\windows\SYSTEM32\UMPDC.dll
0x00007ffe39df0000 - 0x00007ffe39e02000 	C:\windows\SYSTEM32\kernel.appcore.dll
0x00007ffe33dd0000 - 0x00007ffe33dda000 	C:\Program Files\Android\Android Studio\jbr\bin\jimage.dll
0x00007ffe36120000 - 0x00007ffe36304000 	C:\windows\SYSTEM32\DBGHELP.DLL
0x00007ffe04750000 - 0x00007ffe04784000 	C:\windows\SYSTEM32\dbgcore.DLL
0x00007ffe3b740000 - 0x00007ffe3b7c2000 	C:\windows\System32\bcryptPrimitives.dll
0x00007ffe1ba90000 - 0x00007ffe1bab5000 	C:\Program Files\Android\Android Studio\jbr\bin\java.dll
0x00007ffe1c920000 - 0x00007ffe1c938000 	C:\Program Files\Android\Android Studio\jbr\bin\zip.dll
0x00007ffe3d5a0000 - 0x00007ffe3dd0f000 	C:\windows\System32\SHELL32.dll
0x00007ffe365d0000 - 0x00007ffe36d73000 	C:\windows\SYSTEM32\windows.storage.dll
0x00007ffe3cc50000 - 0x00007ffe3cfa3000 	C:\windows\System32\combase.dll
0x00007ffe3b040000 - 0x00007ffe3b06e000 	C:\windows\SYSTEM32\Wldp.dll
0x00007ffe3c5a0000 - 0x00007ffe3c66d000 	C:\windows\System32\OLEAUT32.dll
0x00007ffe3cba0000 - 0x00007ffe3cc4d000 	C:\windows\System32\SHCORE.dll
0x00007ffe3c8c0000 - 0x00007ffe3c915000 	C:\windows\System32\shlwapi.dll
0x00007ffe3b540000 - 0x00007ffe3b564000 	C:\windows\SYSTEM32\profapi.dll
0x00007ffe1c860000 - 0x00007ffe1c879000 	C:\Program Files\Android\Android Studio\jbr\bin\net.dll
0x00007ffe30620000 - 0x00007ffe3072d000 	C:\windows\SYSTEM32\WINHTTP.dll
0x00007ffe3ada0000 - 0x00007ffe3ae0a000 	C:\windows\system32\mswsock.dll
0x00007ffe1ba70000 - 0x00007ffe1ba86000 	C:\Program Files\Android\Android Studio\jbr\bin\nio.dll

dbghelp: loaded successfully - version: 4.0.5 - missing functions: none
symbol engine: initialized successfully - sym options: 0x614 - pdb path: .;C:\Program Files\Android\Android Studio\jbr\bin;C:\windows\SYSTEM32;C:\windows\WinSxS\amd64_microsoft.windows.common-controls_6595b64144ccf1df_6.0.19041.4355_none_60b8b9eb71f62e16;C:\Program Files\Android\Android Studio\jbr\bin\server

VM Arguments:
java_command: org.jetbrains.kotlin.cli.jvm.K2JVMCompiler @C:\Users\RAUL SANCHEZ RDRIGUE\AndroidStudioProjects\Sistema1231casa2\app\build\20240927_12151697111802613672.compiler.options
java_class_path (initial): C:\Users\RAUL SANCHEZ RDRIGUE\.gradle\caches\modules-2\files-2.1\org.jetbrains.kotlin\kotlin-compiler-embeddable\1.9.0\2c8c3a7402becca891f12739b3e9fd2dc2adbd7a\kotlin-compiler-embeddable-1.9.0.jar;C:\Users\RAUL SANCHEZ RDRIGUE\.gradle\caches\modules-2\files-2.1\org.jetbrains.kotlin\kotlin-stdlib\1.9.0\8ee15ef0c67dc83d874f412d84378d7f0eb50b63\kotlin-stdlib-1.9.0.jar;C:\Users\RAUL SANCHEZ RDRIGUE\.gradle\caches\modules-2\files-2.1\org.jetbrains.kotlin\kotlin-script-runtime\1.9.0\4b3102cbbb7e1b58d9d1adf89563f00069ffa7d1\kotlin-script-runtime-1.9.0.jar;C:\Users\RAUL SANCHEZ RDRIGUE\.gradle\caches\modules-2\files-2.1\org.jetbrains.kotlin\kotlin-reflect\1.6.10\1cbe9c92c12a94eea200d23c2bbaedaf3daf5132\kotlin-reflect-1.6.10.jar;C:\Users\RAUL SANCHEZ RDRIGUE\.gradle\caches\modules-2\files-2.1\org.jetbrains.kotlin\kotlin-daemon-embeddable\1.9.0\186543f5e28cf8d9a0290fecc2cf34301c40a65c\kotlin-daemon-embeddable-1.9.0.jar;C:\Users\RAUL SANCHEZ RDRIGUE\.gradle\caches\modules-2\files-2.1\org.jetbrains.intellij.deps\trove4j\1.0.20200330\3afb14d5f9ceb459d724e907a21145e8ff394f02\trove4j-1.0.20200330.jar;C:\Users\RAUL SANCHEZ RDRIGUE\.gradle\caches\modules-2\files-2.1\org.jetbrains.kotlin\kotlin-stdlib-common\1.9.0\cd65c21cfd1eec4d44ef09f9f52b6d9f8a720636\kotlin-stdlib-common-1.9.0.jar;C:\Users\RAUL SANCHEZ RDRIGUE\.gradle\caches\modules-2\files-2.1\org.jetbrains\annotations\13.0\919f0dfe192fb4e063e7dacadee7f8bb9a2672a9\annotations-13.0.jar
Launcher Type: SUN_STANDARD

[Global flags]
     intx CICompilerCount                          = 4                                         {product} {ergonomic}
     uint ConcGCThreads                            = 3                                         {product} {ergonomic}
     uint G1ConcRefinementThreads                  = 10                                        {product} {ergonomic}
   size_t G1HeapRegionSize                         = 2097152                                   {product} {ergonomic}
    uintx GCDrainStackTargetSize                   = 64                                        {product} {ergonomic}
   size_t InitialHeapSize                          = 199229440                                 {product} {ergonomic}
   size_t MarkStackSize                            = 4194304                                   {product} {ergonomic}
   size_t MaxHeapSize                              = 3162505216                                {product} {ergonomic}
   size_t MaxNewSize                               = 1895825408                                {product} {ergonomic}
   size_t MinHeapDeltaBytes                        = 2097152                                   {product} {ergonomic}
   size_t MinHeapSize                              = 8388608                                   {product} {ergonomic}
    uintx NonNMethodCodeHeapSize                   = 5839372                                {pd product} {ergonomic}
    uintx NonProfiledCodeHeapSize                  = 122909434                              {pd product} {ergonomic}
    uintx ProfiledCodeHeapSize                     = 122909434                              {pd product} {ergonomic}
    uintx ReservedCodeCacheSize                    = 251658240                              {pd product} {ergonomic}
     bool SegmentedCodeCache                       = true                                      {product} {ergonomic}
   size_t SoftMaxHeapSize                          = 3162505216                             {manageable} {ergonomic}
     bool UseCompressedClassPointers               = true                           {product lp64_product} {ergonomic}
     bool UseCompressedOops                        = true                           {product lp64_product} {ergonomic}
     bool UseG1GC                                  = true                                      {product} {ergonomic}
     bool UseLargePagesIndividualAllocation        = false                                  {pd product} {ergonomic}

Logging:
Log output configuration:
 #0: stdout all=warning uptime,level,tags
 #1: stderr all=off uptime,level,tags

Environment Variables:
JAVA_HOME=C:\Program Files\Java\jdk-17.0.6
PATH=C:\Program Files (x86)\Common Files\Oracle\Java\javapath;C:\Program Files (x86)\VMware\VMware Player\bin\;C:\Program Files\Java\jdk-17.0.6\bin;C:\Program Files\Microsoft MPI\Bin\;C:\windows\system32;C:\windows;C:\windows\System32\Wbem;C:\windows\System32\WindowsPowerShell\v1.0\;C:\windows\System32\OpenSSH\;C:\Program Files (x86)\NVIDIA Corporation\PhysX\Common;C:\Program Files\NVIDIA Corporation\NVIDIA NvDLISR;C:\Program Files (x86)\Microsoft SQL Server\150\Tools\Binn\;C:\Program Files\Microsoft SQL Server\150\Tools\Binn\;C:\Program Files (x86)\Microsoft SQL Server\150\DTS\Binn\;C:\Program Files\Microsoft SQL Server\150\DTS\Binn\;C:\Program Files\Microsoft SQL Server\Client SDK\ODBC\170\Tools\Binn\;C:\Program Files\dotnet\;C:\Program Files (x86)\Microsoft SQL Server\160\Tools\Binn\;C:\Program Files\Microsoft SQL Server\160\Tools\Binn\;C:\Program Files\Microsoft SQL Server\160\DTS\Binn\;C:\Program Files (x86)\Microsoft SQL Server\160\DTS\Binn\;C:\Program Files\nodejs\;C:\Program Files\Microsoft SQL Server\130\DTS\Binn\;C:\Program Files\Microsoft SQL Server\140\DTS\Binn\;C:\Program Files\Git\cmd;C:\Python\Scripts\;C:\Python\;C:\Users\RAUL SANCHEZ RDRIGUE\AppData\Local\Microsoft\WindowsApps;C:\Users\RAUL SANCHEZ RDRIGUE\AppData\Local\Programs\Microsoft VS Code\bin;C:\Users\RAUL SANCHEZ RDRIGUE\.dotnet\tools;C:\Users\RAUL SANCHEZ RDRIGUE\AppData\Roaming\npm
USERNAME=RAUL SANCHEZ R
OS=Windows_NT
PROCESSOR_IDENTIFIER=Intel64 Family 6 Model 165 Stepping 2, GenuineIntel
TMP=C:\Users\RAULSA~1\AppData\Local\Temp
TEMP=C:\Users\RAULSA~1\AppData\Local\Temp



Periodic native trim disabled

JNI global refs:
JNI global refs: 8, weak refs: 0

JNI global refs memory usage: 843, weak refs: 841

Process memory usage:
Resident Set Size: 95676K (0% of 12348880K total physical memory with 614244K free physical memory)

OOME stack traces (most recent first):
Classloader memory used:
